2017-01-15 15:48:40 Notice: Notice (8): Undefined variable: rol in [C:\wamp64\www\cakephp\src\Template\Productos\index.ctp, line 26]
Request URL: /cakephp/productos
Referer URL: http://localhost/cakephp/usuarios
Trace:
Cake\Error\BaseErrorHandler::handleError() - CORE\src\Error\BaseErrorHandler.php, line 146
include - APP/Template\Productos\index.ctp, line 26
Cake\View\View::_evaluate() - CORE\src\View\View.php, line 1014
Cake\View\View::_render() - CORE\src\View\View.php, line 973
Cake\View\View::render() - CORE\src\View\View.php, line 597
Cake\Controller\Controller::render() - CORE\src\Controller\Controller.php, line 617
Cake\Http\ActionDispatcher::_invoke() - CORE\src\Http\ActionDispatcher.php, line 127
Cake\Http\ActionDispatcher::dispatch() - CORE\src\Http\ActionDispatcher.php, line 95
Cake\Http\BaseApplication::__invoke() - CORE\src\Http\BaseApplication.php, line 83
Cake\Http\Runner::__invoke() - CORE\src\Http\Runner.php, line 65
Cake\Routing\Middleware\RoutingMiddleware::__invoke() - CORE\src\Routing\Middleware\RoutingMiddleware.php, line 62
Cake\Http\Runner::__invoke() - CORE\src\Http\Runner.php, line 65
Cake\Routing\Middleware\AssetMiddleware::__invoke() - CORE\src\Routing\Middleware\AssetMiddleware.php, line 88
Cake\Http\Runner::__invoke() - CORE\src\Http\Runner.php, line 65
Cake\Error\Middleware\ErrorHandlerMiddleware::__invoke() - CORE\src\Error\Middleware\ErrorHandlerMiddleware.php, line 81
Cake\Http\Runner::__invoke() - CORE\src\Http\Runner.php, line 65
Cake\Http\Runner::run() - CORE\src\Http\Runner.php, line 51
Cake\Http\Server::run() - CORE\src\Http\Server.php, line 90
[main] - ROOT\webroot\index.php, line 37



2017-01-15 15:48:40 Notice: Notice (8): Trying to get property of non-object in [C:\wamp64\www\cakephp\src\Template\Productos\index.ctp, line 26]
Request URL: /cakephp/productos
Referer URL: http://localhost/cakephp/usuarios
Trace:
Cake\Error\BaseErrorHandler::handleError() - CORE\src\Error\BaseErrorHandler.php, line 146
include - APP/Template\Productos\index.ctp, line 26
Cake\View\View::_evaluate() - CORE\src\View\View.php, line 1014
Cake\View\View::_render() - CORE\src\View\View.php, line 973
Cake\View\View::render() - CORE\src\View\View.php, line 597
Cake\Controller\Controller::render() - CORE\src\Controller\Controller.php, line 617
Cake\Http\ActionDispatcher::_invoke() - CORE\src\Http\ActionDispatcher.php, line 127
Cake\Http\ActionDispatcher::dispatch() - CORE\src\Http\ActionDispatcher.php, line 95
Cake\Http\BaseApplication::__invoke() - CORE\src\Http\BaseApplication.php, line 83
Cake\Http\Runner::__invoke() - CORE\src\Http\Runner.php, line 65
Cake\Routing\Middleware\RoutingMiddleware::__invoke() - CORE\src\Routing\Middleware\RoutingMiddleware.php, line 62
Cake\Http\Runner::__invoke() - CORE\src\Http\Runner.php, line 65
Cake\Routing\Middleware\AssetMiddleware::__invoke() - CORE\src\Routing\Middleware\AssetMiddleware.php, line 88
Cake\Http\Runner::__invoke() - CORE\src\Http\Runner.php, line 65
Cake\Error\Middleware\ErrorHandlerMiddleware::__invoke() - CORE\src\Error\Middleware\ErrorHandlerMiddleware.php, line 81
Cake\Http\Runner::__invoke() - CORE\src\Http\Runner.php, line 65
Cake\Http\Runner::run() - CORE\src\Http\Runner.php, line 51
Cake\Http\Server::run() - CORE\src\Http\Server.php, line 90
[main] - ROOT\webroot\index.php, line 37



2017-01-15 15:48:40 Notice: Notice (8): Undefined variable: rol in [C:\wamp64\www\cakephp\src\Template\Productos\index.ctp, line 27]
Request URL: /cakephp/productos
Referer URL: http://localhost/cakephp/usuarios
Trace:
Cake\Error\BaseErrorHandler::handleError() - CORE\src\Error\BaseErrorHandler.php, line 146
include - APP/Template\Productos\index.ctp, line 27
Cake\View\View::_evaluate() - CORE\src\View\View.php, line 1014
Cake\View\View::_render() - CORE\src\View\View.php, line 973
Cake\View\View::render() - CORE\src\View\View.php, line 597
Cake\Controller\Controller::render() - CORE\src\Controller\Controller.php, line 617
Cake\Http\ActionDispatcher::_invoke() - CORE\src\Http\ActionDispatcher.php, line 127
Cake\Http\ActionDispatcher::dispatch() - CORE\src\Http\ActionDispatcher.php, line 95
Cake\Http\BaseApplication::__invoke() - CORE\src\Http\BaseApplication.php, line 83
Cake\Http\Runner::__invoke() - CORE\src\Http\Runner.php, line 65
Cake\Routing\Middleware\RoutingMiddleware::__invoke() - CORE\src\Routing\Middleware\RoutingMiddleware.php, line 62
Cake\Http\Runner::__invoke() - CORE\src\Http\Runner.php, line 65
Cake\Routing\Middleware\AssetMiddleware::__invoke() - CORE\src\Routing\Middleware\AssetMiddleware.php, line 88
Cake\Http\Runner::__invoke() - CORE\src\Http\Runner.php, line 65
Cake\Error\Middleware\ErrorHandlerMiddleware::__invoke() - CORE\src\Error\Middleware\ErrorHandlerMiddleware.php, line 81
Cake\Http\Runner::__invoke() - CORE\src\Http\Runner.php, line 65
Cake\Http\Runner::run() - CORE\src\Http\Runner.php, line 51
Cake\Http\Server::run() - CORE\src\Http\Server.php, line 90
[main] - ROOT\webroot\index.php, line 37



2017-01-15 15:48:40 Notice: Notice (8): Trying to get property of non-object in [C:\wamp64\www\cakephp\src\Template\Productos\index.ctp, line 27]
Request URL: /cakephp/productos
Referer URL: http://localhost/cakephp/usuarios
Trace:
Cake\Error\BaseErrorHandler::handleError() - CORE\src\Error\BaseErrorHandler.php, line 146
include - APP/Template\Productos\index.ctp, line 27
Cake\View\View::_evaluate() - CORE\src\View\View.php, line 1014
Cake\View\View::_render() - CORE\src\View\View.php, line 973
Cake\View\View::render() - CORE\src\View\View.php, line 597
Cake\Controller\Controller::render() - CORE\src\Controller\Controller.php, line 617
Cake\Http\ActionDispatcher::_invoke() - CORE\src\Http\ActionDispatcher.php, line 127
Cake\Http\ActionDispatcher::dispatch() - CORE\src\Http\ActionDispatcher.php, line 95
Cake\Http\BaseApplication::__invoke() - CORE\src\Http\BaseApplication.php, line 83
Cake\Http\Runner::__invoke() - CORE\src\Http\Runner.php, line 65
Cake\Routing\Middleware\RoutingMiddleware::__invoke() - CORE\src\Routing\Middleware\RoutingMiddleware.php, line 62
Cake\Http\Runner::__invoke() - CORE\src\Http\Runner.php, line 65
Cake\Routing\Middleware\AssetMiddleware::__invoke() - CORE\src\Routing\Middleware\AssetMiddleware.php, line 88
Cake\Http\Runner::__invoke() - CORE\src\Http\Runner.php, line 65
Cake\Error\Middleware\ErrorHandlerMiddleware::__invoke() - CORE\src\Error\Middleware\ErrorHandlerMiddleware.php, line 81
Cake\Http\Runner::__invoke() - CORE\src\Http\Runner.php, line 65
Cake\Http\Runner::run() - CORE\src\Http\Runner.php, line 51
Cake\Http\Server::run() - CORE\src\Http\Server.php, line 90
[main] - ROOT\webroot\index.php, line 37



2017-01-15 15:48:40 Notice: Notice (8): Undefined variable: rol in [C:\wamp64\www\cakephp\src\Template\Productos\index.ctp, line 26]
Request URL: /cakephp/productos
Referer URL: http://localhost/cakephp/usuarios
Trace:
Cake\Error\BaseErrorHandler::handleError() - CORE\src\Error\BaseErrorHandler.php, line 146
include - APP/Template\Productos\index.ctp, line 26
Cake\View\View::_evaluate() - CORE\src\View\View.php, line 1014
Cake\View\View::_render() - CORE\src\View\View.php, line 973
Cake\View\View::render() - CORE\src\View\View.php, line 597
Cake\Controller\Controller::render() - CORE\src\Controller\Controller.php, line 617
Cake\Http\ActionDispatcher::_invoke() - CORE\src\Http\ActionDispatcher.php, line 127
Cake\Http\ActionDispatcher::dispatch() - CORE\src\Http\ActionDispatcher.php, line 95
Cake\Http\BaseApplication::__invoke() - CORE\src\Http\BaseApplication.php, line 83
Cake\Http\Runner::__invoke() - CORE\src\Http\Runner.php, line 65
Cake\Routing\Middleware\RoutingMiddleware::__invoke() - CORE\src\Routing\Middleware\RoutingMiddleware.php, line 62
Cake\Http\Runner::__invoke() - CORE\src\Http\Runner.php, line 65
Cake\Routing\Middleware\AssetMiddleware::__invoke() - CORE\src\Routing\Middleware\AssetMiddleware.php, line 88
Cake\Http\Runner::__invoke() - CORE\src\Http\Runner.php, line 65
Cake\Error\Middleware\ErrorHandlerMiddleware::__invoke() - CORE\src\Error\Middleware\ErrorHandlerMiddleware.php, line 81
Cake\Http\Runner::__invoke() - CORE\src\Http\Runner.php, line 65
Cake\Http\Runner::run() - CORE\src\Http\Runner.php, line 51
Cake\Http\Server::run() - CORE\src\Http\Server.php, line 90
[main] - ROOT\webroot\index.php, line 37



2017-01-15 15:48:40 Notice: Notice (8): Trying to get property of non-object in [C:\wamp64\www\cakephp\src\Template\Productos\index.ctp, line 26]
Request URL: /cakephp/productos
Referer URL: http://localhost/cakephp/usuarios
Trace:
Cake\Error\BaseErrorHandler::handleError() - CORE\src\Error\BaseErrorHandler.php, line 146
include - APP/Template\Productos\index.ctp, line 26
Cake\View\View::_evaluate() - CORE\src\View\View.php, line 1014
Cake\View\View::_render() - CORE\src\View\View.php, line 973
Cake\View\View::render() - CORE\src\View\View.php, line 597
Cake\Controller\Controller::render() - CORE\src\Controller\Controller.php, line 617
Cake\Http\ActionDispatcher::_invoke() - CORE\src\Http\ActionDispatcher.php, line 127
Cake\Http\ActionDispatcher::dispatch() - CORE\src\Http\ActionDispatcher.php, line 95
Cake\Http\BaseApplication::__invoke() - CORE\src\Http\BaseApplication.php, line 83
Cake\Http\Runner::__invoke() - CORE\src\Http\Runner.php, line 65
Cake\Routing\Middleware\RoutingMiddleware::__invoke() - CORE\src\Routing\Middleware\RoutingMiddleware.php, line 62
Cake\Http\Runner::__invoke() - CORE\src\Http\Runner.php, line 65
Cake\Routing\Middleware\AssetMiddleware::__invoke() - CORE\src\Routing\Middleware\AssetMiddleware.php, line 88
Cake\Http\Runner::__invoke() - CORE\src\Http\Runner.php, line 65
Cake\Error\Middleware\ErrorHandlerMiddleware::__invoke() - CORE\src\Error\Middleware\ErrorHandlerMiddleware.php, line 81
Cake\Http\Runner::__invoke() - CORE\src\Http\Runner.php, line 65
Cake\Http\Runner::run() - CORE\src\Http\Runner.php, line 51
Cake\Http\Server::run() - CORE\src\Http\Server.php, line 90
[main] - ROOT\webroot\index.php, line 37



2017-01-15 15:48:40 Notice: Notice (8): Undefined variable: rol in [C:\wamp64\www\cakephp\src\Template\Productos\index.ctp, line 27]
Request URL: /cakephp/productos
Referer URL: http://localhost/cakephp/usuarios
Trace:
Cake\Error\BaseErrorHandler::handleError() - CORE\src\Error\BaseErrorHandler.php, line 146
include - APP/Template\Productos\index.ctp, line 27
Cake\View\View::_evaluate() - CORE\src\View\View.php, line 1014
Cake\View\View::_render() - CORE\src\View\View.php, line 973
Cake\View\View::render() - CORE\src\View\View.php, line 597
Cake\Controller\Controller::render() - CORE\src\Controller\Controller.php, line 617
Cake\Http\ActionDispatcher::_invoke() - CORE\src\Http\ActionDispatcher.php, line 127
Cake\Http\ActionDispatcher::dispatch() - CORE\src\Http\ActionDispatcher.php, line 95
Cake\Http\BaseApplication::__invoke() - CORE\src\Http\BaseApplication.php, line 83
Cake\Http\Runner::__invoke() - CORE\src\Http\Runner.php, line 65
Cake\Routing\Middleware\RoutingMiddleware::__invoke() - CORE\src\Routing\Middleware\RoutingMiddleware.php, line 62
Cake\Http\Runner::__invoke() - CORE\src\Http\Runner.php, line 65
Cake\Routing\Middleware\AssetMiddleware::__invoke() - CORE\src\Routing\Middleware\AssetMiddleware.php, line 88
Cake\Http\Runner::__invoke() - CORE\src\Http\Runner.php, line 65
Cake\Error\Middleware\ErrorHandlerMiddleware::__invoke() - CORE\src\Error\Middleware\ErrorHandlerMiddleware.php, line 81
Cake\Http\Runner::__invoke() - CORE\src\Http\Runner.php, line 65
Cake\Http\Runner::run() - CORE\src\Http\Runner.php, line 51
Cake\Http\Server::run() - CORE\src\Http\Server.php, line 90
[main] - ROOT\webroot\index.php, line 37



2017-01-15 15:48:40 Notice: Notice (8): Trying to get property of non-object in [C:\wamp64\www\cakephp\src\Template\Productos\index.ctp, line 27]
Request URL: /cakephp/productos
Referer URL: http://localhost/cakephp/usuarios
Trace:
Cake\Error\BaseErrorHandler::handleError() - CORE\src\Error\BaseErrorHandler.php, line 146
include - APP/Template\Productos\index.ctp, line 27
Cake\View\View::_evaluate() - CORE\src\View\View.php, line 1014
Cake\View\View::_render() - CORE\src\View\View.php, line 973
Cake\View\View::render() - CORE\src\View\View.php, line 597
Cake\Controller\Controller::render() - CORE\src\Controller\Controller.php, line 617
Cake\Http\ActionDispatcher::_invoke() - CORE\src\Http\ActionDispatcher.php, line 127
Cake\Http\ActionDispatcher::dispatch() - CORE\src\Http\ActionDispatcher.php, line 95
Cake\Http\BaseApplication::__invoke() - CORE\src\Http\BaseApplication.php, line 83
Cake\Http\Runner::__invoke() - CORE\src\Http\Runner.php, line 65
Cake\Routing\Middleware\RoutingMiddleware::__invoke() - CORE\src\Routing\Middleware\RoutingMiddleware.php, line 62
Cake\Http\Runner::__invoke() - CORE\src\Http\Runner.php, line 65
Cake\Routing\Middleware\AssetMiddleware::__invoke() - CORE\src\Routing\Middleware\AssetMiddleware.php, line 88
Cake\Http\Runner::__invoke() - CORE\src\Http\Runner.php, line 65
Cake\Error\Middleware\ErrorHandlerMiddleware::__invoke() - CORE\src\Error\Middleware\ErrorHandlerMiddleware.php, line 81
Cake\Http\Runner::__invoke() - CORE\src\Http\Runner.php, line 65
Cake\Http\Runner::run() - CORE\src\Http\Runner.php, line 51
Cake\Http\Server::run() - CORE\src\Http\Server.php, line 90
[main] - ROOT\webroot\index.php, line 37



2017-01-15 15:48:40 Notice: Notice (8): Undefined variable: rol in [C:\wamp64\www\cakephp\src\Template\Productos\index.ctp, line 26]
Request URL: /cakephp/productos
Referer URL: http://localhost/cakephp/usuarios
Trace:
Cake\Error\BaseErrorHandler::handleError() - CORE\src\Error\BaseErrorHandler.php, line 146
include - APP/Template\Productos\index.ctp, line 26
Cake\View\View::_evaluate() - CORE\src\View\View.php, line 1014
Cake\View\View::_render() - CORE\src\View\View.php, line 973
Cake\View\View::render() - CORE\src\View\View.php, line 597
Cake\Controller\Controller::render() - CORE\src\Controller\Controller.php, line 617
Cake\Http\ActionDispatcher::_invoke() - CORE\src\Http\ActionDispatcher.php, line 127
Cake\Http\ActionDispatcher::dispatch() - CORE\src\Http\ActionDispatcher.php, line 95
Cake\Http\BaseApplication::__invoke() - CORE\src\Http\BaseApplication.php, line 83
Cake\Http\Runner::__invoke() - CORE\src\Http\Runner.php, line 65
Cake\Routing\Middleware\RoutingMiddleware::__invoke() - CORE\src\Routing\Middleware\RoutingMiddleware.php, line 62
Cake\Http\Runner::__invoke() - CORE\src\Http\Runner.php, line 65
Cake\Routing\Middleware\AssetMiddleware::__invoke() - CORE\src\Routing\Middleware\AssetMiddleware.php, line 88
Cake\Http\Runner::__invoke() - CORE\src\Http\Runner.php, line 65
Cake\Error\Middleware\ErrorHandlerMiddleware::__invoke() - CORE\src\Error\Middleware\ErrorHandlerMiddleware.php, line 81
Cake\Http\Runner::__invoke() - CORE\src\Http\Runner.php, line 65
Cake\Http\Runner::run() - CORE\src\Http\Runner.php, line 51
Cake\Http\Server::run() - CORE\src\Http\Server.php, line 90
[main] - ROOT\webroot\index.php, line 37



2017-01-15 15:48:40 Notice: Notice (8): Trying to get property of non-object in [C:\wamp64\www\cakephp\src\Template\Productos\index.ctp, line 26]
Request URL: /cakephp/productos
Referer URL: http://localhost/cakephp/usuarios
Trace:
Cake\Error\BaseErrorHandler::handleError() - CORE\src\Error\BaseErrorHandler.php, line 146
include - APP/Template\Productos\index.ctp, line 26
Cake\View\View::_evaluate() - CORE\src\View\View.php, line 1014
Cake\View\View::_render() - CORE\src\View\View.php, line 973
Cake\View\View::render() - CORE\src\View\View.php, line 597
Cake\Controller\Controller::render() - CORE\src\Controller\Controller.php, line 617
Cake\Http\ActionDispatcher::_invoke() - CORE\src\Http\ActionDispatcher.php, line 127
Cake\Http\ActionDispatcher::dispatch() - CORE\src\Http\ActionDispatcher.php, line 95
Cake\Http\BaseApplication::__invoke() - CORE\src\Http\BaseApplication.php, line 83
Cake\Http\Runner::__invoke() - CORE\src\Http\Runner.php, line 65
Cake\Routing\Middleware\RoutingMiddleware::__invoke() - CORE\src\Routing\Middleware\RoutingMiddleware.php, line 62
Cake\Http\Runner::__invoke() - CORE\src\Http\Runner.php, line 65
Cake\Routing\Middleware\AssetMiddleware::__invoke() - CORE\src\Routing\Middleware\AssetMiddleware.php, line 88
Cake\Http\Runner::__invoke() - CORE\src\Http\Runner.php, line 65
Cake\Error\Middleware\ErrorHandlerMiddleware::__invoke() - CORE\src\Error\Middleware\ErrorHandlerMiddleware.php, line 81
Cake\Http\Runner::__invoke() - CORE\src\Http\Runner.php, line 65
Cake\Http\Runner::run() - CORE\src\Http\Runner.php, line 51
Cake\Http\Server::run() - CORE\src\Http\Server.php, line 90
[main] - ROOT\webroot\index.php, line 37



2017-01-15 15:48:40 Notice: Notice (8): Undefined variable: rol in [C:\wamp64\www\cakephp\src\Template\Productos\index.ctp, line 27]
Request URL: /cakephp/productos
Referer URL: http://localhost/cakephp/usuarios
Trace:
Cake\Error\BaseErrorHandler::handleError() - CORE\src\Error\BaseErrorHandler.php, line 146
include - APP/Template\Productos\index.ctp, line 27
Cake\View\View::_evaluate() - CORE\src\View\View.php, line 1014
Cake\View\View::_render() - CORE\src\View\View.php, line 973
Cake\View\View::render() - CORE\src\View\View.php, line 597
Cake\Controller\Controller::render() - CORE\src\Controller\Controller.php, line 617
Cake\Http\ActionDispatcher::_invoke() - CORE\src\Http\ActionDispatcher.php, line 127
Cake\Http\ActionDispatcher::dispatch() - CORE\src\Http\ActionDispatcher.php, line 95
Cake\Http\BaseApplication::__invoke() - CORE\src\Http\BaseApplication.php, line 83
Cake\Http\Runner::__invoke() - CORE\src\Http\Runner.php, line 65
Cake\Routing\Middleware\RoutingMiddleware::__invoke() - CORE\src\Routing\Middleware\RoutingMiddleware.php, line 62
Cake\Http\Runner::__invoke() - CORE\src\Http\Runner.php, line 65
Cake\Routing\Middleware\AssetMiddleware::__invoke() - CORE\src\Routing\Middleware\AssetMiddleware.php, line 88
Cake\Http\Runner::__invoke() - CORE\src\Http\Runner.php, line 65
Cake\Error\Middleware\ErrorHandlerMiddleware::__invoke() - CORE\src\Error\Middleware\ErrorHandlerMiddleware.php, line 81
Cake\Http\Runner::__invoke() - CORE\src\Http\Runner.php, line 65
Cake\Http\Runner::run() - CORE\src\Http\Runner.php, line 51
Cake\Http\Server::run() - CORE\src\Http\Server.php, line 90
[main] - ROOT\webroot\index.php, line 37



2017-01-15 15:48:40 Notice: Notice (8): Trying to get property of non-object in [C:\wamp64\www\cakephp\src\Template\Productos\index.ctp, line 27]
Request URL: /cakephp/productos
Referer URL: http://localhost/cakephp/usuarios
Trace:
Cake\Error\BaseErrorHandler::handleError() - CORE\src\Error\BaseErrorHandler.php, line 146
include - APP/Template\Productos\index.ctp, line 27
Cake\View\View::_evaluate() - CORE\src\View\View.php, line 1014
Cake\View\View::_render() - CORE\src\View\View.php, line 973
Cake\View\View::render() - CORE\src\View\View.php, line 597
Cake\Controller\Controller::render() - CORE\src\Controller\Controller.php, line 617
Cake\Http\ActionDispatcher::_invoke() - CORE\src\Http\ActionDispatcher.php, line 127
Cake\Http\ActionDispatcher::dispatch() - CORE\src\Http\ActionDispatcher.php, line 95
Cake\Http\BaseApplication::__invoke() - CORE\src\Http\BaseApplication.php, line 83
Cake\Http\Runner::__invoke() - CORE\src\Http\Runner.php, line 65
Cake\Routing\Middleware\RoutingMiddleware::__invoke() - CORE\src\Routing\Middleware\RoutingMiddleware.php, line 62
Cake\Http\Runner::__invoke() - CORE\src\Http\Runner.php, line 65
Cake\Routing\Middleware\AssetMiddleware::__invoke() - CORE\src\Routing\Middleware\AssetMiddleware.php, line 88
Cake\Http\Runner::__invoke() - CORE\src\Http\Runner.php, line 65
Cake\Error\Middleware\ErrorHandlerMiddleware::__invoke() - CORE\src\Error\Middleware\ErrorHandlerMiddleware.php, line 81
Cake\Http\Runner::__invoke() - CORE\src\Http\Runner.php, line 65
Cake\Http\Runner::run() - CORE\src\Http\Runner.php, line 51
Cake\Http\Server::run() - CORE\src\Http\Server.php, line 90
[main] - ROOT\webroot\index.php, line 37



2017-01-15 16:28:20 Notice: Notice (8): Undefined variable: categorias in [C:\wamp64\www\cakephp\src\Template\Productos\editar.ctp, line 12]
Request URL: /cakephp/productos/editar/5
Referer URL: http://localhost/cakephp/productos
Trace:
Cake\Error\BaseErrorHandler::handleError() - CORE\src\Error\BaseErrorHandler.php, line 146
include - APP/Template\Productos\editar.ctp, line 12
Cake\View\View::_evaluate() - CORE\src\View\View.php, line 1014
Cake\View\View::_render() - CORE\src\View\View.php, line 973
Cake\View\View::render() - CORE\src\View\View.php, line 597
Cake\Controller\Controller::render() - CORE\src\Controller\Controller.php, line 617
Cake\Http\ActionDispatcher::_invoke() - CORE\src\Http\ActionDispatcher.php, line 127
Cake\Http\ActionDispatcher::dispatch() - CORE\src\Http\ActionDispatcher.php, line 95
Cake\Http\BaseApplication::__invoke() - CORE\src\Http\BaseApplication.php, line 83
Cake\Http\Runner::__invoke() - CORE\src\Http\Runner.php, line 65
Cake\Routing\Middleware\RoutingMiddleware::__invoke() - CORE\src\Routing\Middleware\RoutingMiddleware.php, line 62
Cake\Http\Runner::__invoke() - CORE\src\Http\Runner.php, line 65
Cake\Routing\Middleware\AssetMiddleware::__invoke() - CORE\src\Routing\Middleware\AssetMiddleware.php, line 88
Cake\Http\Runner::__invoke() - CORE\src\Http\Runner.php, line 65
Cake\Error\Middleware\ErrorHandlerMiddleware::__invoke() - CORE\src\Error\Middleware\ErrorHandlerMiddleware.php, line 81
Cake\Http\Runner::__invoke() - CORE\src\Http\Runner.php, line 65
Cake\Http\Runner::run() - CORE\src\Http\Runner.php, line 51
Cake\Http\Server::run() - CORE\src\Http\Server.php, line 90
[main] - ROOT\webroot\index.php, line 37



2017-01-15 19:07:24 Notice: Notice (8): Trying to get property of non-object in [C:\wamp64\www\cakephp\src\Template\Home\index.ctp, line 3]
Request URL: /cakephp/
Referer URL: http://localhost/cakephp/usuarios/login
Trace:
Cake\Error\BaseErrorHandler::handleError() - CORE\src\Error\BaseErrorHandler.php, line 146
include - APP/Template\Home\index.ctp, line 3
Cake\View\View::_evaluate() - CORE\src\View\View.php, line 1014
Cake\View\View::_render() - CORE\src\View\View.php, line 973
Cake\View\View::render() - CORE\src\View\View.php, line 597
Cake\Controller\Controller::render() - CORE\src\Controller\Controller.php, line 617
Cake\Http\ActionDispatcher::_invoke() - CORE\src\Http\ActionDispatcher.php, line 127
Cake\Http\ActionDispatcher::dispatch() - CORE\src\Http\ActionDispatcher.php, line 95
Cake\Http\BaseApplication::__invoke() - CORE\src\Http\BaseApplication.php, line 83
Cake\Http\Runner::__invoke() - CORE\src\Http\Runner.php, line 65
Cake\Routing\Middleware\RoutingMiddleware::__invoke() - CORE\src\Routing\Middleware\RoutingMiddleware.php, line 62
Cake\Http\Runner::__invoke() - CORE\src\Http\Runner.php, line 65
Cake\Routing\Middleware\AssetMiddleware::__invoke() - CORE\src\Routing\Middleware\AssetMiddleware.php, line 88
Cake\Http\Runner::__invoke() - CORE\src\Http\Runner.php, line 65
Cake\Error\Middleware\ErrorHandlerMiddleware::__invoke() - CORE\src\Error\Middleware\ErrorHandlerMiddleware.php, line 81
Cake\Http\Runner::__invoke() - CORE\src\Http\Runner.php, line 65
Cake\Http\Runner::run() - CORE\src\Http\Runner.php, line 51
Cake\Http\Server::run() - CORE\src\Http\Server.php, line 90
[main] - ROOT\webroot\index.php, line 37



2017-01-15 19:07:43 Notice: Notice (8): Trying to get property of non-object in [C:\wamp64\www\cakephp\src\Template\Home\index.ctp, line 3]
Request URL: /cakephp/home
Referer URL: http://localhost/cakephp/roles
Trace:
Cake\Error\BaseErrorHandler::handleError() - CORE\src\Error\BaseErrorHandler.php, line 146
include - APP/Template\Home\index.ctp, line 3
Cake\View\View::_evaluate() - CORE\src\View\View.php, line 1014
Cake\View\View::_render() - CORE\src\View\View.php, line 973
Cake\View\View::render() - CORE\src\View\View.php, line 597
Cake\Controller\Controller::render() - CORE\src\Controller\Controller.php, line 617
Cake\Http\ActionDispatcher::_invoke() - CORE\src\Http\ActionDispatcher.php, line 127
Cake\Http\ActionDispatcher::dispatch() - CORE\src\Http\ActionDispatcher.php, line 95
Cake\Http\BaseApplication::__invoke() - CORE\src\Http\BaseApplication.php, line 83
Cake\Http\Runner::__invoke() - CORE\src\Http\Runner.php, line 65
Cake\Routing\Middleware\RoutingMiddleware::__invoke() - CORE\src\Routing\Middleware\RoutingMiddleware.php, line 62
Cake\Http\Runner::__invoke() - CORE\src\Http\Runner.php, line 65
Cake\Routing\Middleware\AssetMiddleware::__invoke() - CORE\src\Routing\Middleware\AssetMiddleware.php, line 88
Cake\Http\Runner::__invoke() - CORE\src\Http\Runner.php, line 65
Cake\Error\Middleware\ErrorHandlerMiddleware::__invoke() - CORE\src\Error\Middleware\ErrorHandlerMiddleware.php, line 81
Cake\Http\Runner::__invoke() - CORE\src\Http\Runner.php, line 65
Cake\Http\Runner::run() - CORE\src\Http\Runner.php, line 51
Cake\Http\Server::run() - CORE\src\Http\Server.php, line 90
[main] - ROOT\webroot\index.php, line 37



2017-01-15 19:08:13 Notice: Notice (8): Trying to get property of non-object in [C:\wamp64\www\cakephp\src\Template\Home\index.ctp, line 3]
Request URL: /cakephp/home
Referer URL: http://localhost/cakephp/roles
Trace:
Cake\Error\BaseErrorHandler::handleError() - CORE\src\Error\BaseErrorHandler.php, line 146
include - APP/Template\Home\index.ctp, line 3
Cake\View\View::_evaluate() - CORE\src\View\View.php, line 1014
Cake\View\View::_render() - CORE\src\View\View.php, line 973
Cake\View\View::render() - CORE\src\View\View.php, line 597
Cake\Controller\Controller::render() - CORE\src\Controller\Controller.php, line 617
Cake\Http\ActionDispatcher::_invoke() - CORE\src\Http\ActionDispatcher.php, line 127
Cake\Http\ActionDispatcher::dispatch() - CORE\src\Http\ActionDispatcher.php, line 95
Cake\Http\BaseApplication::__invoke() - CORE\src\Http\BaseApplication.php, line 83
Cake\Http\Runner::__invoke() - CORE\src\Http\Runner.php, line 65
Cake\Routing\Middleware\RoutingMiddleware::__invoke() - CORE\src\Routing\Middleware\RoutingMiddleware.php, line 62
Cake\Http\Runner::__invoke() - CORE\src\Http\Runner.php, line 65
Cake\Routing\Middleware\AssetMiddleware::__invoke() - CORE\src\Routing\Middleware\AssetMiddleware.php, line 88
Cake\Http\Runner::__invoke() - CORE\src\Http\Runner.php, line 65
Cake\Error\Middleware\ErrorHandlerMiddleware::__invoke() - CORE\src\Error\Middleware\ErrorHandlerMiddleware.php, line 81
Cake\Http\Runner::__invoke() - CORE\src\Http\Runner.php, line 65
Cake\Http\Runner::run() - CORE\src\Http\Runner.php, line 51
Cake\Http\Server::run() - CORE\src\Http\Server.php, line 90
[main] - ROOT\webroot\index.php, line 37



2017-01-15 19:09:18 Notice: Notice (8): Trying to get property of non-object in [C:\wamp64\www\cakephp\src\Template\Home\index.ctp, line 3]
Request URL: /cakephp/home
Referer URL: http://localhost/cakephp/roles
Trace:
Cake\Error\BaseErrorHandler::handleError() - CORE\src\Error\BaseErrorHandler.php, line 146
include - APP/Template\Home\index.ctp, line 3
Cake\View\View::_evaluate() - CORE\src\View\View.php, line 1014
Cake\View\View::_render() - CORE\src\View\View.php, line 973
Cake\View\View::render() - CORE\src\View\View.php, line 597
Cake\Controller\Controller::render() - CORE\src\Controller\Controller.php, line 617
Cake\Http\ActionDispatcher::_invoke() - CORE\src\Http\ActionDispatcher.php, line 127
Cake\Http\ActionDispatcher::dispatch() - CORE\src\Http\ActionDispatcher.php, line 95
Cake\Http\BaseApplication::__invoke() - CORE\src\Http\BaseApplication.php, line 83
Cake\Http\Runner::__invoke() - CORE\src\Http\Runner.php, line 65
Cake\Routing\Middleware\RoutingMiddleware::__invoke() - CORE\src\Routing\Middleware\RoutingMiddleware.php, line 62
Cake\Http\Runner::__invoke() - CORE\src\Http\Runner.php, line 65
Cake\Routing\Middleware\AssetMiddleware::__invoke() - CORE\src\Routing\Middleware\AssetMiddleware.php, line 88
Cake\Http\Runner::__invoke() - CORE\src\Http\Runner.php, line 65
Cake\Error\Middleware\ErrorHandlerMiddleware::__invoke() - CORE\src\Error\Middleware\ErrorHandlerMiddleware.php, line 81
Cake\Http\Runner::__invoke() - CORE\src\Http\Runner.php, line 65
Cake\Http\Runner::run() - CORE\src\Http\Runner.php, line 51
Cake\Http\Server::run() - CORE\src\Http\Server.php, line 90
[main] - ROOT\webroot\index.php, line 37



2017-01-15 19:12:27 Notice: Notice (8): Array to string conversion in [C:\wamp64\www\cakephp\src\Template\Layout\default.ctp, line 62]
Request URL: /cakephp/home
Referer URL: http://localhost/cakephp/roles
Trace:
Cake\Error\BaseErrorHandler::handleError() - CORE\src\Error\BaseErrorHandler.php, line 146
include - APP/Template\Layout\default.ctp, line 62
Cake\View\View::_evaluate() - CORE\src\View\View.php, line 1014
Cake\View\View::_render() - CORE\src\View\View.php, line 973
Cake\View\View::renderLayout() - CORE\src\View\View.php, line 644
Cake\View\View::render() - CORE\src\View\View.php, line 602
Cake\Controller\Controller::render() - CORE\src\Controller\Controller.php, line 617
Cake\Http\ActionDispatcher::_invoke() - CORE\src\Http\ActionDispatcher.php, line 127
Cake\Http\ActionDispatcher::dispatch() - CORE\src\Http\ActionDispatcher.php, line 95
Cake\Http\BaseApplication::__invoke() - CORE\src\Http\BaseApplication.php, line 83
Cake\Http\Runner::__invoke() - CORE\src\Http\Runner.php, line 65
Cake\Routing\Middleware\RoutingMiddleware::__invoke() - CORE\src\Routing\Middleware\RoutingMiddleware.php, line 62
Cake\Http\Runner::__invoke() - CORE\src\Http\Runner.php, line 65
Cake\Routing\Middleware\AssetMiddleware::__invoke() - CORE\src\Routing\Middleware\AssetMiddleware.php, line 88
Cake\Http\Runner::__invoke() - CORE\src\Http\Runner.php, line 65
Cake\Error\Middleware\ErrorHandlerMiddleware::__invoke() - CORE\src\Error\Middleware\ErrorHandlerMiddleware.php, line 81
Cake\Http\Runner::__invoke() - CORE\src\Http\Runner.php, line 65
Cake\Http\Runner::run() - CORE\src\Http\Runner.php, line 51
Cake\Http\Server::run() - CORE\src\Http\Server.php, line 90
[main] - ROOT\webroot\index.php, line 37



2017-01-15 19:15:39 Notice: Notice (8): Trying to get property of non-object in [C:\wamp64\www\cakephp\src\Template\Layout\default.ctp, line 65]
Request URL: /cakephp/home
Referer URL: http://localhost/cakephp/roles
Trace:
Cake\Error\BaseErrorHandler::handleError() - CORE\src\Error\BaseErrorHandler.php, line 146
include - APP/Template\Layout\default.ctp, line 65
Cake\View\View::_evaluate() - CORE\src\View\View.php, line 1014
Cake\View\View::_render() - CORE\src\View\View.php, line 973
Cake\View\View::renderLayout() - CORE\src\View\View.php, line 644
Cake\View\View::render() - CORE\src\View\View.php, line 602
Cake\Controller\Controller::render() - CORE\src\Controller\Controller.php, line 617
Cake\Http\ActionDispatcher::_invoke() - CORE\src\Http\ActionDispatcher.php, line 127
Cake\Http\ActionDispatcher::dispatch() - CORE\src\Http\ActionDispatcher.php, line 95
Cake\Http\BaseApplication::__invoke() - CORE\src\Http\BaseApplication.php, line 83
Cake\Http\Runner::__invoke() - CORE\src\Http\Runner.php, line 65
Cake\Routing\Middleware\RoutingMiddleware::__invoke() - CORE\src\Routing\Middleware\RoutingMiddleware.php, line 62
Cake\Http\Runner::__invoke() - CORE\src\Http\Runner.php, line 65
Cake\Routing\Middleware\AssetMiddleware::__invoke() - CORE\src\Routing\Middleware\AssetMiddleware.php, line 88
Cake\Http\Runner::__invoke() - CORE\src\Http\Runner.php, line 65
Cake\Error\Middleware\ErrorHandlerMiddleware::__invoke() - CORE\src\Error\Middleware\ErrorHandlerMiddleware.php, line 81
Cake\Http\Runner::__invoke() - CORE\src\Http\Runner.php, line 65
Cake\Http\Runner::run() - CORE\src\Http\Runner.php, line 51
Cake\Http\Server::run() - CORE\src\Http\Server.php, line 90
[main] - ROOT\webroot\index.php, line 37



